[  434661ms] [WARNING] [HMR] unexpected require(./node_modules/@docusaurus/plugin-content-docs/lib/client/index.js) from disposed module ./node_modules/@docusaurus/theme-common/lib/index.js @ http://localhost:3000/runtime~main.js:312
[  434661ms] [ERROR] React has detected a change in the order of Hooks called by %s. This will lead to bugs and errors if not fixed. For more information, read the Rules of Hooks: https://react.dev/link/rules-of-hooks

   Previous render            Next render
   ------------------------------------------------------
%s   ^^^^^^^^^^^^^^^^^^^^^^^^^^^^^^^^^^^^^^^^^^^^^^^^^^^^^^
 SearchBar 1. useContext                 useContext
2. useContext                 useContext
3. useContext                 useContext
4. useContext                 useContext
5. useContext                 useContext
6. useContext                 useContext
7. useCallback                useContext
 @ webpack-internal:///./node_modules/react-dom/cjs/react-dom-client.development.js:7567
[  434719ms] [ERROR] Docusaurus React Root onRecoverableError: Error: There was an error during concurrent rendering but React was able to recover by instead synchronously rendering the entire root.
    at throwException (webpack-internal:///./node_modules/react-dom/cjs/react-dom-client.development.js:9633:9)
    at throwAndUnwindWorkLoop (webpack-internal:///./node_modules/react-dom/cjs/react-dom-client.development.js:17716:11)
    at renderRootSync (webpack-internal:///./node_modules/react-dom/cjs/react-dom-client.development.js:17446:19)
    at performWorkOnRoot (webpack-internal:///./node_modules/react-dom/cjs/react-dom-client.development.js:16503:11)
    at performWorkOnRootViaSchedulerTask (webpack-internal:///./node_modules/react-dom/cjs/react-dom-client.development.js:18956:7)
    at MessagePort.performWorkUntilDeadline (webpack-internal:///./node_modules/scheduler/cjs/scheduler.development.js:45:48) {componentStack: 
    at SearchBar (webpack-internal:///./node_modu…s/react-helmet-async/lib/index.module.js:18:2915), digest: undefined} @ webpack-internal:///./node_modules/@docusaurus/core/lib/client/clientEntry.js:19
[ 1668350ms] [ERROR] [webpack-dev-server] Errors while compiling. Reload prevented. @ webpack-internal:///./node_modules/webpack-dev-server/client/modules/logger/index.js:601
[ 1668350ms] [ERROR] [webpack-dev-server] ERROR in ./.docusaurus/registry.js 1:9955-10082
Module not found: Error: Can't resolve '@site/docs/getting-started/quick-start.md' in '/Users/tonymilton/Projects/openbox/repos/openbox-document/website/.docusaurus' @ webpack-internal:///./node_modules/webpack-dev-server/client/modules/logger/index.js:601
[ 1668350ms] [ERROR] [webpack-dev-server] ERROR in ./.docusaurus/registry.js 1:10127-10191
Module not found: Error: Can't resolve '@site/docs/getting-started/quick-start.md' in '/Users/tonymilton/Projects/openbox/repos/openbox-document/website/.docusaurus' @ webpack-internal:///./node_modules/webpack-dev-server/client/modules/logger/index.js:601
